2017-10-27 14:08:43.8962 INFO Start installing Hangfire SQL objects...
2017-10-27 14:08:48.9736 INFO Hangfire SQL objects installed.
2017-10-27 14:08:49.3191 INFO Starting Hangfire Server
2017-10-27 14:08:49.3461 INFO Using job storage: 'SQL Server: (LocalDb)\MSSQLLocalDB@aspnet-19.10.2017evening-20171019082216'
2017-10-27 14:08:49.3561 INFO Using the following options for SQL Server job storage:
2017-10-27 14:08:49.3561 INFO     Queue poll interval: 00:00:15.
2017-10-27 14:08:49.3701 INFO Using the following options for Hangfire Server:
2017-10-27 14:08:49.3701 INFO     Worker count: 20
2017-10-27 14:08:49.3831 INFO     Listening queues: 'default'
2017-10-27 14:08:49.3831 INFO     Shutdown timeout: 00:00:15
2017-10-27 14:08:49.3831 INFO     Schedule polling interval: 00:00:15
2017-10-27 14:08:49.4792 DEBUG Background process 'BackgroundProcessingServer' started.
2017-10-27 14:08:50.7596 DEBUG Background process 'ServerHeartbeat' started.
2017-10-27 14:08:50.7596 DEBUG Background process 'ServerWatchdog' started.
2017-10-27 14:08:50.8397 DEBUG Background process 'Hangfire.SqlServer.ExpirationManager' started.
2017-10-27 14:08:50.8397 DEBUG Background process 'Hangfire.SqlServer.CountersAggregator' started.
2017-10-27 14:08:50.8517 DEBUG Background process 'Worker #563f29ea' started.
2017-10-27 14:08:50.8517 DEBUG Removing outdated records from the 'AggregatedCounter' table...
2017-10-27 14:08:50.8815 INFO 2 servers were removed due to timeout
2017-10-27 14:08:50.8815 DEBUG Aggregating records in 'Counter' table...
2017-10-27 14:08:50.8885 DEBUG Background process 'Worker #3319b17f' started.
2017-10-27 14:08:50.9621 DEBUG Background process 'Worker #2786e3b3' started.
2017-10-27 14:08:51.0166 DEBUG Background process 'Worker #a3184894' started.
2017-10-27 14:08:51.2968 DEBUG Background process 'Worker #0ffad4a4' started.
2017-10-27 14:08:51.3068 DEBUG Background process 'Worker #7ddfd27d' started.
2017-10-27 14:08:51.2968 DEBUG Background process 'Worker #45e73dec' started.
2017-10-27 14:08:51.3408 DEBUG Background process 'Worker #0fd2ba57' started.
2017-10-27 14:08:51.3408 DEBUG Background process 'Worker #4ddeb6a0' started.
2017-10-27 14:08:51.4022 DEBUG Background process 'Worker #0565122c' started.
2017-10-27 14:08:51.5113 DEBUG Background process 'Worker #82da474a' started.
2017-10-27 14:08:51.5788 DEBUG Background process 'Worker #f9e093f2' started.
2017-10-27 14:08:51.6533 DEBUG Background process 'Worker #d23cf5c7' started.
2017-10-27 14:08:51.6729 DEBUG Background process 'Worker #e2cccfd6' started.
2017-10-27 14:08:51.8190 DEBUG Background process 'Worker #93a99364' started.
2017-10-27 14:08:51.8320 DEBUG Removing outdated records from the 'Job' table...
2017-10-27 14:08:51.8605 DEBUG Background process 'Worker #3f4c8aa7' started.
2017-10-27 14:08:51.9180 DEBUG Background process 'Worker #d9717c77' started.
2017-10-27 14:08:51.9651 DEBUG Removing outdated records from the 'List' table...
2017-10-27 14:08:51.9771 DEBUG Background process 'Worker #5efcb2f0' started.
2017-10-27 14:08:52.0031 DEBUG Background process 'Worker #ef07ea59' started.
2017-10-27 14:08:52.0216 DEBUG Removing outdated records from the 'Set' table...
2017-10-27 14:08:52.0311 DEBUG Background process 'Worker #93ea252b' started.
2017-10-27 14:08:52.0521 DEBUG Background process 'DelayedJobScheduler' started.
2017-10-27 14:08:52.0836 DEBUG Background process 'RecurringJobScheduler' started.
2017-10-27 14:08:52.1437 DEBUG Removing outdated records from the 'Hash' table...
2017-10-27 14:08:53.8926 INFO 1 scheduled job(s) enqueued.
2017-10-27 14:16:36.0229 INFO Start installing Hangfire SQL objects...
2017-10-27 14:16:36.2636 INFO Hangfire SQL objects installed.
2017-10-27 14:16:36.3632 INFO Starting Hangfire Server
2017-10-27 14:16:36.3762 INFO Using job storage: 'SQL Server: (LocalDb)\MSSQLLocalDB@aspnet-19.10.2017evening-20171019082216'
2017-10-27 14:16:36.3832 INFO Using the following options for SQL Server job storage:
2017-10-27 14:16:36.3832 INFO     Queue poll interval: 00:00:15.
2017-10-27 14:16:36.3982 INFO Using the following options for Hangfire Server:
2017-10-27 14:16:36.3982 INFO     Worker count: 20
2017-10-27 14:16:36.3982 INFO     Listening queues: 'default'
2017-10-27 14:16:36.4201 INFO     Shutdown timeout: 00:00:15
2017-10-27 14:16:36.4201 INFO     Schedule polling interval: 00:00:15
2017-10-27 14:16:36.4731 DEBUG Background process 'BackgroundProcessingServer' started.
2017-10-27 14:16:36.8261 DEBUG Background process 'ServerHeartbeat' started.
2017-10-27 14:16:36.8261 DEBUG Background process 'ServerWatchdog' started.
2017-10-27 14:16:36.8716 DEBUG Background process 'Hangfire.SqlServer.CountersAggregator' started.
2017-10-27 14:16:36.8626 DEBUG Background process 'Hangfire.SqlServer.ExpirationManager' started.
2017-10-27 14:16:36.8866 DEBUG Aggregating records in 'Counter' table...
2017-10-27 14:16:36.9011 DEBUG Removing outdated records from the 'AggregatedCounter' table...
2017-10-27 14:16:36.8866 DEBUG Background process 'Worker #70fcc5ab' started.
2017-10-27 14:16:36.9011 DEBUG Background process 'Worker #906996bb' started.
2017-10-27 14:16:36.9011 DEBUG Background process 'Worker #b516e665' started.
2017-10-27 14:16:36.9256 DEBUG Background process 'Worker #4ec5f732' started.
2017-10-27 14:16:36.9547 DEBUG Background process 'Worker #b7d9871c' started.
2017-10-27 14:16:36.9867 DEBUG Background process 'Worker #ca3eb6fb' started.
2017-10-27 14:16:37.0287 DEBUG Background process 'Worker #33eec68c' started.
2017-10-27 14:16:37.0647 DEBUG Background process 'Worker #90b1ee7e' started.
2017-10-27 14:16:37.0707 TRACE Records from the 'Counter' table aggregated.
2017-10-27 14:16:37.0898 TRACE Outdated records removed from the 'AggregatedCounter' table.
2017-10-27 14:16:37.1083 DEBUG Background process 'Worker #4cd10b0e' started.
2017-10-27 14:16:37.1298 DEBUG Removing outdated records from the 'Job' table...
2017-10-27 14:16:37.1368 DEBUG Background process 'Worker #8aec855d' started.
2017-10-27 14:16:37.1608 DEBUG Background process 'Worker #d68f9e6e' started.
2017-10-27 14:16:37.2454 TRACE Outdated records removed from the 'Job' table.
2017-10-27 14:16:37.2454 DEBUG Removing outdated records from the 'List' table...
2017-10-27 14:16:37.2454 DEBUG Background process 'Worker #7637c81d' started.
2017-10-27 14:16:37.2454 DEBUG Background process 'Worker #eebb9c69' started.
2017-10-27 14:16:37.2819 DEBUG Background process 'Worker #e7502d82' started.
2017-10-27 14:16:37.3114 DEBUG Background process 'Worker #2e161b2f' started.
2017-10-27 14:16:37.3284 TRACE Outdated records removed from the 'List' table.
2017-10-27 14:16:37.3404 DEBUG Removing outdated records from the 'Set' table...
2017-10-27 14:16:37.3284 DEBUG Background process 'Worker #eb8b008b' started.
2017-10-27 14:16:37.3564 DEBUG Background process 'Worker #872898db' started.
2017-10-27 14:16:37.3404 DEBUG Background process 'Worker #92921d8f' started.
2017-10-27 14:16:37.4745 DEBUG Background process 'Worker #1a0fd3be' started.
2017-10-27 14:16:37.4785 TRACE Outdated records removed from the 'Set' table.
2017-10-27 14:16:37.4975 DEBUG Removing outdated records from the 'Hash' table...
2017-10-27 14:16:37.4975 DEBUG Background process 'Worker #a6c54edb' started.
2017-10-27 14:16:37.5351 TRACE Outdated records removed from the 'Hash' table.
2017-10-27 14:16:37.5421 DEBUG Background process 'DelayedJobScheduler' started.
2017-10-27 14:16:37.5421 DEBUG Background process 'RecurringJobScheduler' started.
2017-10-27 14:17:37.6143 TRACE Заходимо в Login для авторизації
2017-10-27 14:17:37.6744 TRACE Передаємо Url у змінну ViewBag
2017-10-27 14:17:54.1525 TRACE Логуємось у систему
2017-10-27 14:17:54.1795 TRACE Намагаємося створити нового користувача
2017-10-27 14:18:40.5487 TRACE Логуємось у систему
2017-10-27 14:18:40.5973 TRACE Намагаємося створити нового користувача
2017-10-27 14:18:49.4552 TRACE Логуємось у систему
2017-10-27 14:18:49.4867 TRACE Намагаємося створити нового користувача
2017-10-27 14:21:33.5357 INFO Start installing Hangfire SQL objects...
2017-10-27 14:21:33.7746 INFO Hangfire SQL objects installed.
2017-10-27 14:21:33.8461 INFO Starting Hangfire Server
2017-10-27 14:21:33.8611 INFO Using job storage: 'SQL Server: (LocalDb)\MSSQLLocalDB@aspnet-19.10.2017evening-20171019082216'
2017-10-27 14:21:33.8701 INFO Using the following options for SQL Server job storage:
2017-10-27 14:21:33.8701 INFO     Queue poll interval: 00:00:15.
2017-10-27 14:21:33.8971 INFO Using the following options for Hangfire Server:
2017-10-27 14:21:33.9092 INFO     Worker count: 20
2017-10-27 14:21:33.9212 INFO     Listening queues: 'default'
2017-10-27 14:21:33.9352 INFO     Shutdown timeout: 00:00:15
2017-10-27 14:21:33.9352 INFO     Schedule polling interval: 00:00:15
2017-10-27 14:21:33.9831 DEBUG Background process 'BackgroundProcessingServer' started.
2017-10-27 14:21:34.3726 DEBUG Background process 'ServerHeartbeat' started.
2017-10-27 14:21:34.3906 DEBUG Background process 'ServerWatchdog' started.
2017-10-27 14:21:34.4542 DEBUG Background process 'Hangfire.SqlServer.ExpirationManager' started.
2017-10-27 14:21:34.4727 DEBUG Background process 'Hangfire.SqlServer.CountersAggregator' started.
2017-10-27 14:21:34.4827 DEBUG Removing outdated records from the 'AggregatedCounter' table...
2017-10-27 14:21:34.4997 DEBUG Background process 'Worker #2ae7f7bd' started.
2017-10-27 14:21:34.4997 DEBUG Aggregating records in 'Counter' table...
2017-10-27 14:21:34.5107 DEBUG Background process 'Worker #c5b18e83' started.
2017-10-27 14:21:34.5107 INFO 1 servers were removed due to timeout
2017-10-27 14:21:34.5347 DEBUG Background process 'Worker #8fdae1e7' started.
2017-10-27 14:21:34.5648 DEBUG Background process 'Worker #12269d47' started.
2017-10-27 14:21:34.6158 DEBUG Background process 'Worker #7f2c64d4' started.
2017-10-27 14:21:34.6808 TRACE Records from the 'Counter' table aggregated.
2017-10-27 14:21:34.6978 TRACE Outdated records removed from the 'AggregatedCounter' table.
2017-10-27 14:21:34.7128 DEBUG Removing outdated records from the 'Job' table...
2017-10-27 14:21:34.7318 DEBUG Background process 'Worker #5753e3ae' started.
2017-10-27 14:21:34.7514 DEBUG Background process 'Worker #efc2d535' started.
2017-10-27 14:21:34.7514 DEBUG Background process 'Worker #342da516' started.
2017-10-27 14:21:34.7849 TRACE Outdated records removed from the 'Job' table.
2017-10-27 14:21:34.7949 DEBUG Removing outdated records from the 'List' table...
2017-10-27 14:21:34.7949 DEBUG Background process 'Worker #0af9ff17' started.
2017-10-27 14:21:34.8349 DEBUG Background process 'Worker #04361302' started.
2017-10-27 14:21:34.9070 DEBUG Background process 'Worker #7f7d693a' started.
2017-10-27 14:21:34.9220 TRACE Outdated records removed from the 'List' table.
2017-10-27 14:21:34.9350 DEBUG Removing outdated records from the 'Set' table...
2017-10-27 14:21:34.9600 DEBUG Background process 'Worker #27d0fc2f' started.
2017-10-27 14:21:34.9600 DEBUG Background process 'Worker #a80a27d7' started.
2017-10-27 14:21:35.0035 DEBUG Background process 'Worker #68155f97' started.
2017-10-27 14:21:35.0106 DEBUG Background process 'Worker #7544e593' started.
2017-10-27 14:21:35.0106 TRACE Outdated records removed from the 'Set' table.
2017-10-27 14:21:35.0396 DEBUG Removing outdated records from the 'Hash' table...
2017-10-27 14:21:35.0336 DEBUG Background process 'Worker #81101ef3' started.
2017-10-27 14:21:35.0396 DEBUG Background process 'Worker #edbdf759' started.
2017-10-27 14:21:35.0876 DEBUG Background process 'Worker #ef3a0b0c' started.
2017-10-27 14:21:35.1016 TRACE Outdated records removed from the 'Hash' table.
2017-10-27 14:21:35.1211 DEBUG Background process 'Worker #5f738409' started.
2017-10-27 14:21:35.1361 DEBUG Background process 'Worker #fee4861c' started.
2017-10-27 14:21:35.1491 DEBUG Background process 'DelayedJobScheduler' started.
2017-10-27 14:21:35.1491 DEBUG Background process 'RecurringJobScheduler' started.
2017-10-27 14:22:56.0351 TRACE Заходимо в Login для авторизації
2017-10-27 14:22:56.0692 TRACE Передаємо Url у змінну ViewBag
2017-10-27 14:23:13.0415 TRACE Логуємось у систему
2017-10-27 14:23:29.8761 TRACE Намагаємося знайти нового користувача
2017-10-27 14:26:57.2282 DEBUG Aggregating records in 'Counter' table...
2017-10-27 14:26:57.3883 INFO 1 servers were removed due to timeout
2017-10-27 14:26:58.4977 TRACE Records from the 'Counter' table aggregated.
2017-10-27 14:27:38.3862 TRACE Логуємось у систему
2017-10-27 14:27:39.3427 TRACE Намагаємося знайти нового користувача
2017-10-27 17:37:46.1469 INFO Start installing Hangfire SQL objects...
2017-10-27 17:37:48.1298 INFO Hangfire SQL objects installed.
2017-10-27 17:37:48.3475 INFO Starting Hangfire Server
2017-10-27 17:37:48.3710 INFO Using job storage: 'SQL Server: (LocalDb)\MSSQLLocalDB@aspnet-19.10.2017evening-20171019082216'
2017-10-27 17:37:48.3830 INFO Using the following options for SQL Server job storage:
2017-10-27 17:37:48.3830 INFO     Queue poll interval: 00:00:15.
2017-10-27 17:37:48.4080 INFO Using the following options for Hangfire Server:
2017-10-27 17:37:48.4210 INFO     Worker count: 20
2017-10-27 17:37:48.4335 INFO     Listening queues: 'default'
2017-10-27 17:37:48.4465 INFO     Shutdown timeout: 00:00:15
2017-10-27 17:37:48.4465 INFO     Schedule polling interval: 00:00:15
2017-10-27 17:37:48.5066 DEBUG Background process 'BackgroundProcessingServer' started.
2017-10-27 17:37:50.0941 DEBUG Background process 'ServerHeartbeat' started.
2017-10-27 17:37:50.1051 DEBUG Background process 'ServerWatchdog' started.
2017-10-27 17:37:50.1306 DEBUG Background process 'Hangfire.SqlServer.ExpirationManager' started.
2017-10-27 17:37:50.1346 DEBUG Background process 'Hangfire.SqlServer.CountersAggregator' started.
2017-10-27 17:37:50.1506 DEBUG Background process 'Worker #c1073af1' started.
2017-10-27 17:37:50.1346 DEBUG Background process 'Worker #27b3d762' started.
2017-10-27 17:37:50.2116 DEBUG Aggregating records in 'Counter' table...
2017-10-27 17:37:50.2386 DEBUG Background process 'Worker #d1cde385' started.
2017-10-27 17:37:50.1946 DEBUG Removing outdated records from the 'AggregatedCounter' table...
2017-10-27 17:37:50.2786 DEBUG Background process 'Worker #7a70ad2c' started.
2017-10-27 17:37:50.2946 DEBUG Background process 'Worker #b2f7e87a' started.
2017-10-27 17:37:50.3707 DEBUG Background process 'Worker #dc1d2b4a' started.
2017-10-27 17:37:50.3992 DEBUG Background process 'Worker #776b89a1' started.
2017-10-27 17:37:50.3992 DEBUG Background process 'Worker #7d62e556' started.
2017-10-27 17:37:50.3992 DEBUG Background process 'Worker #1a2f9a45' started.
2017-10-27 17:37:50.4793 DEBUG Background process 'Worker #dc9a267e' started.
2017-10-27 17:37:50.4428 INFO 1 servers were removed due to timeout
2017-10-27 17:37:50.5078 DEBUG Background process 'Worker #307f9421' started.
2017-10-27 17:37:50.5078 DEBUG Background process 'Worker #323bcd7c' started.
2017-10-27 17:37:50.5423 DEBUG Background process 'Worker #95e43765' started.
2017-10-27 17:37:50.5598 DEBUG Background process 'Worker #c9fbd0f4' started.
2017-10-27 17:37:50.5984 DEBUG Background process 'Worker #afb119c2' started.
2017-10-27 17:37:50.6409 DEBUG Background process 'Worker #1b8ff425' started.
2017-10-27 17:37:50.6549 DEBUG Background process 'Worker #4c1364b3' started.
2017-10-27 17:37:50.6549 DEBUG Background process 'Worker #672abd3b' started.
2017-10-27 17:37:50.7229 DEBUG Background process 'Worker #69dabc33' started.
2017-10-27 17:37:50.8069 DEBUG Background process 'DelayedJobScheduler' started.
2017-10-27 17:37:50.7674 DEBUG Background process 'Worker #d919998b' started.
2017-10-27 17:37:50.8510 DEBUG Background process 'RecurringJobScheduler' started.
2017-10-27 17:37:51.7413 TRACE Outdated records removed from the 'AggregatedCounter' table.
2017-10-27 17:37:51.7533 DEBUG Removing outdated records from the 'Job' table...
2017-10-27 17:37:52.4121 TRACE Outdated records removed from the 'Job' table.
2017-10-27 17:37:52.4196 DEBUG Removing outdated records from the 'List' table...
2017-10-27 17:37:52.4636 TRACE Outdated records removed from the 'List' table.
2017-10-27 17:37:52.4636 DEBUG Removing outdated records from the 'Set' table...
2017-10-27 17:37:52.5157 TRACE Outdated records removed from the 'Set' table.
2017-10-27 17:37:52.5277 DEBUG Removing outdated records from the 'Hash' table...
2017-10-27 17:37:52.5837 TRACE Records from the 'Counter' table aggregated.
2017-10-27 17:37:52.6232 TRACE Outdated records removed from the 'Hash' table.
2017-10-27 17:38:07.5169 TRACE Заходимо в Login для авторизації
2017-10-27 17:38:07.5729 TRACE Передаємо Url у змінну ViewBag
2017-10-27 17:38:14.4282 TRACE Заходимо в Login для авторизації
2017-10-27 17:38:14.5262 TRACE Передаємо Url у змінну ViewBag
2017-10-27 17:38:15.1487 TRACE Заходимо в Login для авторизації
2017-10-27 17:38:15.1487 TRACE Передаємо Url у змінну ViewBag
2017-10-27 17:39:19.6553 TRACE Намагаємося знайти нового користувача
2017-10-27 17:44:27.6248 INFO Start installing Hangfire SQL objects...
2017-10-27 17:44:28.1598 INFO Hangfire SQL objects installed.
2017-10-27 17:44:28.3374 INFO Starting Hangfire Server
2017-10-27 17:44:28.3544 INFO Using job storage: 'SQL Server: (LocalDb)\MSSQLLocalDB@aspnet-19.10.2017evening-20171019082216'
2017-10-27 17:44:28.3544 INFO Using the following options for SQL Server job storage:
2017-10-27 17:44:28.3764 INFO     Queue poll interval: 00:00:15.
2017-10-27 17:44:28.3934 INFO Using the following options for Hangfire Server:
2017-10-27 17:44:28.4124 INFO     Worker count: 20
2017-10-27 17:44:28.4285 INFO     Listening queues: 'default'
2017-10-27 17:44:28.4525 INFO     Shutdown timeout: 00:00:15
2017-10-27 17:44:28.4675 INFO     Schedule polling interval: 00:00:15
2017-10-27 17:44:28.5976 DEBUG Background process 'BackgroundProcessingServer' started.
2017-10-27 17:44:29.3321 DEBUG Background process 'ServerHeartbeat' started.
2017-10-27 17:44:29.3581 DEBUG Background process 'ServerWatchdog' started.
2017-10-27 17:44:29.3581 DEBUG Background process 'Hangfire.SqlServer.ExpirationManager' started.
2017-10-27 17:44:29.4529 DEBUG Background process 'Hangfire.SqlServer.CountersAggregator' started.
2017-10-27 17:44:29.4634 INFO 1 servers were removed due to timeout
2017-10-27 17:44:29.4634 DEBUG Removing outdated records from the 'AggregatedCounter' table...
2017-10-27 17:44:29.4634 DEBUG Background process 'Worker #7b2895ad' started.
2017-10-27 17:44:29.4924 DEBUG Background process 'Worker #d5837101' started.
2017-10-27 17:44:29.4924 DEBUG Background process 'Worker #f16a919c' started.
2017-10-27 17:44:29.4924 DEBUG Aggregating records in 'Counter' table...
2017-10-27 17:44:29.5364 DEBUG Background process 'Worker #606b5e4a' started.
2017-10-27 17:44:29.6095 DEBUG Background process 'Worker #98f5b7a2' started.
2017-10-27 17:44:29.6615 DEBUG Background process 'Worker #c624f629' started.
2017-10-27 17:44:29.7116 DEBUG Background process 'Worker #2fd8cbde' started.
2017-10-27 17:44:29.8367 DEBUG Background process 'Worker #6b4f5627' started.
2017-10-27 17:44:29.8877 DEBUG Background process 'Worker #66a6d8bc' started.
2017-10-27 17:44:29.8367 TRACE Records from the 'Counter' table aggregated.
2017-10-27 17:44:29.8877 TRACE Outdated records removed from the 'AggregatedCounter' table.
2017-10-27 17:44:29.9678 DEBUG Removing outdated records from the 'Job' table...
2017-10-27 17:44:29.9427 DEBUG Background process 'Worker #30b3bbe6' started.
2017-10-27 17:44:29.9598 DEBUG Background process 'Worker #f378e1c1' started.
2017-10-27 17:44:30.0488 DEBUG Background process 'Worker #e0c84f80' started.
2017-10-27 17:44:30.0788 DEBUG Background process 'Worker #7ec23ff4' started.
2017-10-27 17:44:30.1494 DEBUG Background process 'Worker #3bb8f6ea' started.
2017-10-27 17:44:30.2230 TRACE Outdated records removed from the 'Job' table.
2017-10-27 17:44:30.2345 DEBUG Removing outdated records from the 'List' table...
2017-10-27 17:44:30.2695 DEBUG Background process 'Worker #dc7168e4' started.
2017-10-27 17:44:30.2900 DEBUG Background process 'Worker #90dbb44d' started.
2017-10-27 17:44:30.3590 TRACE Outdated records removed from the 'List' table.
2017-10-27 17:44:30.3751 DEBUG Removing outdated records from the 'Set' table...
2017-10-27 17:44:30.4296 DEBUG Background process 'Worker #5818a76e' started.
2017-10-27 17:44:30.4641 DEBUG Background process 'Worker #4acb1bd5' started.
2017-10-27 17:44:30.5057 TRACE Outdated records removed from the 'Set' table.
2017-10-27 17:44:30.5117 DEBUG Removing outdated records from the 'Hash' table...
2017-10-27 17:44:30.5117 DEBUG Background process 'Worker #5a234700' started.
2017-10-27 17:44:30.5392 DEBUG Background process 'DelayedJobScheduler' started.
2017-10-27 17:44:30.5117 DEBUG Background process 'Worker #16fba048' started.
2017-10-27 17:44:30.5767 DEBUG Background process 'RecurringJobScheduler' started.
2017-10-27 17:44:30.5902 TRACE Outdated records removed from the 'Hash' table.
2017-10-27 17:45:20.7596 TRACE Заходимо в Login для авторизації
2017-10-27 17:45:20.8321 TRACE Передаємо Url у змінну ViewBag
2017-10-27 17:46:43.1166 TRACE Намагаємося знайти нового користувача
2017-10-27 17:48:20.9769 TRACE Заходимо в Login для авторизації
2017-10-27 17:48:21.0592 TRACE Передаємо Url у змінну ViewBag
2017-10-27 17:48:35.8725 TRACE Намагаємося знайти нового користувача
2017-10-27 17:49:19.7677 TRACE Намагаємося знайти нового користувача
2017-10-27 17:50:27.3025 DEBUG Aggregating records in 'Counter' table...
2017-10-27 18:09:26.6635 TRACE Records from the 'Counter' table aggregated.
2017-10-27 18:09:29.1060 DEBUG Error occurred during execution of 'DelayedJobScheduler' process. Execution will be retried (attempt #1) in 00:00:01 seconds.
2017-10-27 18:09:52.4210 TRACE Намагаємося знайти нового користувача
